============================================================
UniAlign GQA Dataset Results
Configuration: configs/table1_all.yaml (dataset=gqa)
Hardware: 4x NVIDIA A100 80GB | Seed: 42
============================================================

Dataset: GQA (Compositional Visual Reasoning)
Training samples: 943,000
Validation samples: 132,062
Test samples: 12,578

[2025-03-21 04:12:38] Training complete. Epoch 30/30.
[2025-03-21 04:12:39] Evaluation on test-dev set:
  Accuracy: 62.7
  F1: 65.3
  BLEU: 29.8
  CIDEr: 94.5

Baseline comparison (from published papers):
  CLIP:       Acc=55.1
  BLIP-2:     Acc=58.9
  mPLUG:      Acc=57.2
  Flamingo:   Acc=56.8

Notes:
  - GQA requires compositional reasoning about scene graphs
    and spatial relationships, which is more challenging than
    standard VQA.
  - UniAlign outperforms all baselines on GQA despite not
    being specifically designed for compositional reasoning.
  - Results are reasonable given GQA's difficulty level.

============================================================
