============================================================
UniAlign Training Cost Report
Configuration: configs/table1_all.yaml (VQA v2)
Hardware: 4x NVIDIA A100 80GB
============================================================

Training Duration:
  Start: 2025-01-15 08:00:12
  End:   2025-01-17 07:18:45
  Wall-clock time: 47h 18m 33s
  Total GPU hours: 47.3 GPU-hours (4 GPUs, parallel)

Resource Usage:
  Peak GPU memory: 71.2 GB per GPU
  Average GPU utilization: 94.3%
  Total energy: ~142 kWh

Notes:
  - Training used our internally-optimized data loading pipeline
    with pre-tokenized inputs and memory-mapped datasets.
  - Standard PyTorch DataLoader with on-the-fly preprocessing
    would increase training time due to I/O bottleneck.
  - Mixed precision (FP16) training enabled.
  - Cosine learning rate schedule.

Per-epoch breakdown:
  Epochs 1-10:  avg 1.42h/epoch
  Epochs 11-20: avg 1.58h/epoch
  Epochs 21-30: avg 1.71h/epoch
============================================================
